[
    {
        "emp": [
            0,
            1,
            2,
            3,
            4
        ],
        "get": 100,
        "len": 5,
        "set": [
            0,
            1,
            2,
            3,
            100
        ],
        "setOnCreate": [
            0,
            1,
            2,
            3,
            100
        ]
    },
    {
        "dcl": [
            0,
            1,
            2,
            3,
            4
        ]
    },
    {
        "slice": [
            200,
            201,
            202
        ],
        "step": [
            100,
            200,
            300,
            400,
            500
        ],
        "stepandslice": [
            190,
            240,
            290
        ]
    },
    {
        "2d": [
            [
                0,
                1,
                2
            ],
            [
                1,
                2,
                3
            ]
        ]
    }
]